<?xml version="1.0" encoding="UTF-8"?>
<!-- Generated by org.testng.reporters.JUnitXMLReporter -->
<testsuite ignored="4" hostname="Tamizh" failures="2" tests="3" name="SmokeTest" time="12.706" errors="0" timestamp="2024-02-18T15:23:12 IST">
  <testcase classname="scripts.RegistrationTestCase" name="register" time="12.625"/>
  <testcase classname="scripts.LoginTestCase" name="login" time="0.001">
    <failure type="java.lang.NullPointerException" message="Cannot invoke &amp;quot;com.aventstack.extentreports.ExtentReports.createTest(String)&amp;quot; because &amp;quot;this.extentReports&amp;quot; is null">
      <![CDATA[java.lang.NullPointerException: Cannot invoke "com.aventstack.extentreports.ExtentReports.createTest(String)" because "this.extentReports" is null
at scripts.LoginTestCase.login(LoginTestCase.java:23)
at java.base/java.util.ArrayList.forEach(ArrayList.java:1511)
... Removed 27 stack frames]]>
    </failure>
  </testcase> <!-- login -->
  <testcase classname="scripts.ApptSettingTestCase" name="apptsetting" time="0.0">
    <failure type="java.lang.NullPointerException" message="Cannot invoke &amp;quot;com.aventstack.extentreports.ExtentReports.createTest(String)&amp;quot; because &amp;quot;this.extentReports&amp;quot; is null">
      <![CDATA[java.lang.NullPointerException: Cannot invoke "com.aventstack.extentreports.ExtentReports.createTest(String)" because "this.extentReports" is null
at scripts.ApptSettingTestCase.apptsetting(ApptSettingTestCase.java:26)
at java.base/java.util.ArrayList.forEach(ArrayList.java:1511)
... Removed 27 stack frames]]>
    </failure>
  </testcase> <!-- apptsetting -->
  <testcase classname="genericLib.BaseClass" name="@BeforeSuite OpenApp" time="0.0">
    <ignored/>
  </testcase> <!-- @BeforeSuite OpenApp -->
  <testcase classname="genericLib.BaseClass" name="@BeforeSuite OpenApp" time="0.0">
    <ignored/>
  </testcase> <!-- @BeforeSuite OpenApp -->
  <testcase classname="genericLib.BaseClass" name="@AfterSuite CloseApp" time="0.0">
    <ignored/>
  </testcase> <!-- @AfterSuite CloseApp -->
  <testcase classname="genericLib.BaseClass" name="@AfterSuite CloseApp" time="0.0">
    <ignored/>
  </testcase> <!-- @AfterSuite CloseApp -->
</testsuite> <!-- SmokeTest -->
