<?xml version="1.0" encoding="UTF-8"?>
<!-- Generated by org.testng.reporters.JUnitXMLReporter -->
<testsuite ignored="0" hostname="Tamizh" failures="0" tests="3" name="Test" time="354.671" errors="0" timestamp="2024-03-05T23:32:26 IST">
  <testcase classname="scripts.PaymentTestCase" name="payment" time="21.595"/>
  <testcase classname="scripts.LoginTestCase" name="login" time="14.628"/>
  <testcase classname="scripts.ApptSettingTestCase" name="apptsetting" time="39.521"/>
</testsuite> <!-- Test -->
