<?xml version="1.0" encoding="UTF-8"?>
<testng-results ignored="0" total="3" passed="3" failed="0" skipped="0">
  <reporter-output>
  </reporter-output>
  <suite started-at="2024-03-05T23:26:31 IST" name="Suite" finished-at="2024-03-05T23:32:26 IST" duration-ms="354671">
    <groups>
    </groups>
    <test started-at="2024-03-05T23:26:31 IST" name="Test" finished-at="2024-03-05T23:32:26 IST" duration-ms="354671">
      <class name="scripts.LoginTestCase">
        <test-method is-config="true" signature="OpenApp()[pri:0, instance:scripts.LoginTestCase@1e1a0406]" started-at="2024-03-05T23:27:58 IST" name="OpenApp" finished-at="2024-03-05T23:29:13 IST" duration-ms="75439" status="PASS">
          <reporter-output>
          </reporter-output>
        </test-method> <!-- OpenApp -->
        <test-method signature="login()[pri:0, instance:scripts.LoginTestCase@1e1a0406]" started-at="2024-03-05T23:29:13 IST" name="login" finished-at="2024-03-05T23:29:28 IST" duration-ms="14628" status="PASS">
          <reporter-output>
          </reporter-output>
        </test-method> <!-- login -->
        <test-method is-config="true" signature="Extent()[pri:0, instance:scripts.LoginTestCase@1e1a0406]" started-at="2024-03-05T23:29:28 IST" name="Extent" finished-at="2024-03-05T23:29:32 IST" duration-ms="3946" status="PASS">
          <reporter-output>
          </reporter-output>
        </test-method> <!-- Extent -->
      </class> <!-- scripts.LoginTestCase -->
      <class name="scripts.PaymentTestCase">
        <test-method is-config="true" signature="OpenApp()[pri:0, instance:scripts.PaymentTestCase@2f217633]" started-at="2024-03-05T23:26:31 IST" name="OpenApp" finished-at="2024-03-05T23:27:31 IST" duration-ms="60454" status="PASS">
          <reporter-output>
          </reporter-output>
        </test-method> <!-- OpenApp -->
        <test-method signature="payment()[pri:0, instance:scripts.PaymentTestCase@2f217633]" started-at="2024-03-05T23:27:31 IST" name="payment" finished-at="2024-03-05T23:27:53 IST" duration-ms="21595" status="PASS">
          <reporter-output>
          </reporter-output>
        </test-method> <!-- payment -->
        <test-method is-config="true" signature="Extent()[pri:0, instance:scripts.PaymentTestCase@2f217633]" started-at="2024-03-05T23:27:53 IST" name="Extent" finished-at="2024-03-05T23:27:58 IST" duration-ms="4841" status="PASS">
          <reporter-output>
          </reporter-output>
        </test-method> <!-- Extent -->
      </class> <!-- scripts.PaymentTestCase -->
      <class name="scripts.ApptSettingTestCase">
        <test-method is-config="true" signature="OpenApp()[pri:0, instance:scripts.ApptSettingTestCase@3cebbb30]" started-at="2024-03-05T23:29:32 IST" name="OpenApp" finished-at="2024-03-05T23:31:42 IST" duration-ms="130288" status="PASS">
          <reporter-output>
          </reporter-output>
        </test-method> <!-- OpenApp -->
        <test-method signature="apptsetting()[pri:0, instance:scripts.ApptSettingTestCase@3cebbb30]" started-at="2024-03-05T23:31:42 IST" name="apptsetting" finished-at="2024-03-05T23:32:22 IST" duration-ms="39521" status="PASS">
          <reporter-output>
          </reporter-output>
        </test-method> <!-- apptsetting -->
        <test-method is-config="true" signature="Extent()[pri:0, instance:scripts.ApptSettingTestCase@3cebbb30]" started-at="2024-03-05T23:32:22 IST" name="Extent" finished-at="2024-03-05T23:32:26 IST" duration-ms="3891" status="PASS">
          <reporter-output>
          </reporter-output>
        </test-method> <!-- Extent -->
      </class> <!-- scripts.ApptSettingTestCase -->
    </test> <!-- Test -->
  </suite> <!-- Suite -->
</testng-results>
